<?xml version="1.0" encoding="UTF-8"?>
<!-- Generated by org.testng.reporters.JUnitXMLReporter -->
<testsuite hostname="LAPTOP-A8332NNU" ignored="0" name="FaildTestDemo" tests="3" failures="1" timestamp="03 Sep 2018 15:27:23 GMT" time="0.182" errors="0">
  <testcase name="fb" time="0.041" classname="com.Automation.Interview.FaildTest1"/>
  <testcase name="twiter" time="0.005" classname="com.Automation.Interview.FaildTest2"/>
  <testcase name="wordpress" time="0.011" classname="com.Automation.Interview.FaildTest3">
    <failure type="java.lang.AssertionError" message="expected [true] but found [false]">
      <![CDATA[java.lang.AssertionError: expected [true] but found [false]
at com.Automation.Interview.FaildTest3.wordpress(FaildTest3.java:11)
... Removed 29 stack frames]]>
    </failure>
  </testcase> <!-- wordpress -->
</testsuite> <!-- FaildTestDemo -->
